<?xml version="1.0" encoding="UTF-8"?>
<!-- Generated by org.testng.reporters.JUnitXMLReporter -->
<testsuite hostname="DESKTOP-IVOHGAO" ignored="0" name="SearchFunctionVerification" tests="4" failures="0" timestamp="08 May 2018 16:45:01 GMT" time="57.512" errors="0">
  <testcase name="getTitle_ValidValue1" time="9.328" classname="net.meritagehomes.uat.SearchTest"/>
  <testcase name="getTitle_ValidValue1" time="8.865" classname="net.meritagehomes.uat.SearchTestNew"/>
  <testcase name="getTitle_ValidValue2" time="9.224" classname="net.meritagehomes.uat.SearchTest"/>
  <testcase name="getTitle_ValidValue2" time="8.637" classname="net.meritagehomes.uat.SearchTestNew"/>
</testsuite> <!-- SearchFunctionVerification -->
