<?xml version="1.0" encoding="UTF-8"?>
<testng-results skipped="0" failed="0" ignored="0" total="4" passed="4">
  <reporter-output>
  </reporter-output>
  <suite name="Initial Suite" duration-ms="57512" started-at="2018-05-08T16:44:03Z" finished-at="2018-05-08T16:45:01Z">
    <groups>
    </groups>
    <test name="SearchFunctionVerification" duration-ms="57512" started-at="2018-05-08T16:44:03Z" finished-at="2018-05-08T16:45:01Z">
      <class name="net.meritagehomes.uat.SearchTestNew">
        <test-method status="PASS" signature="setup()[pri:0, instance:net.meritagehomes.uat.SearchTestNew@6326d182]" name="setup" is-config="true" duration-ms="0" started-at="2018-05-08T11:44:20Z" finished-at="2018-05-08T11:44:20Z">
          <reporter-output>
          </reporter-output>
        </test-method> <!-- setup -->
        <test-method status="PASS" signature="methodLevelSetup()[pri:0, instance:net.meritagehomes.uat.SearchTestNew@6326d182]" name="methodLevelSetup" is-config="true" duration-ms="3426" started-at="2018-05-08T11:44:20Z" finished-at="2018-05-08T11:44:24Z">
          <reporter-output>
          </reporter-output>
        </test-method> <!-- methodLevelSetup -->
        <test-method status="PASS" signature="getTitle_ValidValue1()[pri:0, instance:net.meritagehomes.uat.SearchTestNew@6326d182]" name="getTitle_ValidValue1" duration-ms="8865" started-at="2018-05-08T11:44:24Z" description="Test #1 New" finished-at="2018-05-08T11:44:32Z">
          <reporter-output>
          </reporter-output>
        </test-method> <!-- getTitle_ValidValue1 -->
        <test-method status="PASS" signature="methodTeardown()[pri:0, instance:net.meritagehomes.uat.SearchTestNew@6326d182]" name="methodTeardown" is-config="true" duration-ms="1061" started-at="2018-05-08T11:44:32Z" finished-at="2018-05-08T11:44:34Z">
          <reporter-output>
          </reporter-output>
        </test-method> <!-- methodTeardown -->
        <test-method status="PASS" signature="methodLevelSetup()[pri:0, instance:net.meritagehomes.uat.SearchTestNew@6326d182]" name="methodLevelSetup" is-config="true" duration-ms="3320" started-at="2018-05-08T11:44:48Z" finished-at="2018-05-08T11:44:51Z">
          <reporter-output>
          </reporter-output>
        </test-method> <!-- methodLevelSetup -->
        <test-method status="PASS" signature="getTitle_ValidValue2()[pri:1, instance:net.meritagehomes.uat.SearchTestNew@6326d182]" name="getTitle_ValidValue2" duration-ms="8637" started-at="2018-05-08T11:44:51Z" description="Test #2 New" finished-at="2018-05-08T11:45:00Z">
          <reporter-output>
          </reporter-output>
        </test-method> <!-- getTitle_ValidValue2 -->
        <test-method status="PASS" signature="methodTeardown()[pri:0, instance:net.meritagehomes.uat.SearchTestNew@6326d182]" name="methodTeardown" is-config="true" duration-ms="1050" started-at="2018-05-08T11:45:00Z" finished-at="2018-05-08T11:45:01Z">
          <reporter-output>
          </reporter-output>
        </test-method> <!-- methodTeardown -->
        <test-method status="PASS" signature="teardown()[pri:0, instance:net.meritagehomes.uat.SearchTestNew@6326d182]" name="teardown" is-config="true" duration-ms="1" started-at="2018-05-08T11:45:01Z" finished-at="2018-05-08T11:45:01Z">
          <reporter-output>
          </reporter-output>
        </test-method> <!-- teardown -->
      </class> <!-- net.meritagehomes.uat.SearchTestNew -->
      <class name="net.meritagehomes.uat.SearchTest">
        <test-method status="PASS" signature="setup()[pri:0, instance:net.meritagehomes.uat.SearchTest@475835b1]" name="setup" is-config="true" duration-ms="61" started-at="2018-05-08T11:44:03Z" finished-at="2018-05-08T11:44:03Z">
          <reporter-output>
          </reporter-output>
        </test-method> <!-- setup -->
        <test-method status="PASS" signature="methodLevelSetup()[pri:0, instance:net.meritagehomes.uat.SearchTest@475835b1]" name="methodLevelSetup" is-config="true" duration-ms="6197" started-at="2018-05-08T11:44:03Z" finished-at="2018-05-08T11:44:09Z">
          <reporter-output>
          </reporter-output>
        </test-method> <!-- methodLevelSetup -->
        <test-method status="PASS" signature="getTitle_ValidValue1()[pri:0, instance:net.meritagehomes.uat.SearchTest@475835b1]" name="getTitle_ValidValue1" duration-ms="9328" started-at="2018-05-08T11:44:10Z" description="Test #1" finished-at="2018-05-08T11:44:19Z">
          <reporter-output>
          </reporter-output>
        </test-method> <!-- getTitle_ValidValue1 -->
        <test-method status="PASS" signature="methodTeardown()[pri:0, instance:net.meritagehomes.uat.SearchTest@475835b1]" name="methodTeardown" is-config="true" duration-ms="1039" started-at="2018-05-08T11:44:19Z" finished-at="2018-05-08T11:44:20Z">
          <reporter-output>
          </reporter-output>
        </test-method> <!-- methodTeardown -->
        <test-method status="PASS" signature="methodLevelSetup()[pri:0, instance:net.meritagehomes.uat.SearchTest@475835b1]" name="methodLevelSetup" is-config="true" duration-ms="3743" started-at="2018-05-08T11:44:34Z" finished-at="2018-05-08T11:44:37Z">
          <reporter-output>
          </reporter-output>
        </test-method> <!-- methodLevelSetup -->
        <test-method status="PASS" signature="getTitle_ValidValue2()[pri:1, instance:net.meritagehomes.uat.SearchTest@475835b1]" name="getTitle_ValidValue2" duration-ms="9224" started-at="2018-05-08T11:44:37Z" description="Test #2" finished-at="2018-05-08T11:44:47Z">
          <reporter-output>
          </reporter-output>
        </test-method> <!-- getTitle_ValidValue2 -->
        <test-method status="PASS" signature="methodTeardown()[pri:0, instance:net.meritagehomes.uat.SearchTest@475835b1]" name="methodTeardown" is-config="true" duration-ms="1010" started-at="2018-05-08T11:44:47Z" finished-at="2018-05-08T11:44:48Z">
          <reporter-output>
          </reporter-output>
        </test-method> <!-- methodTeardown -->
        <test-method status="PASS" signature="teardown()[pri:0, instance:net.meritagehomes.uat.SearchTest@475835b1]" name="teardown" is-config="true" duration-ms="0" started-at="2018-05-08T11:44:48Z" finished-at="2018-05-08T11:44:48Z">
          <reporter-output>
          </reporter-output>
        </test-method> <!-- teardown -->
      </class> <!-- net.meritagehomes.uat.SearchTest -->
    </test> <!-- SearchFunctionVerification -->
  </suite> <!-- Initial Suite -->
</testng-results>
